#
# There is insufficient memory for the Java Runtime Environment to continue.
# Native memory allocation (malloc) failed to allocate 205696 bytes for Chunk::new
# Possible reasons:
#   The system is out of physical RAM or swap space
#   The process is running with CompressedOops enabled, and the Java Heap may be blocking the growth of the native heap
# Possible solutions:
#   Reduce memory load on the system
#   Increase physical memory or swap space
#   Check if swap backing store is full
#   Decrease Java heap size (-Xmx/-Xms)
#   Decrease number of Java threads
#   Decrease Java thread stack sizes (-Xss)
#   Set larger code cache with -XX:ReservedCodeCacheSize=
#   JVM is running with Unscaled Compressed Oops mode in which the Java heap is
#     placed in the first 4GB address space. The Java Heap base address is the
#     maximum limit for the native heap growth. Please use -XX:HeapBaseMinAddress
#     to set the Java Heap base and to place the Java Heap above 4GB virtual address.
# This output file may be truncated or incomplete.
#
#  Out of Memory Error (allocation.cpp:389), pid=5100, tid=0x0000000000001924
#
# JRE version: Java(TM) SE Runtime Environment (8.0_202-b08) (build 1.8.0_202-b08)
# Java VM: Java HotSpot(TM) 64-Bit Server VM (25.202-b08 mixed mode windows-amd64 compressed oops)
# Failed to write core dump. Minidumps are not enabled by default on client versions of Windows
#

---------------  T H R E A D  ---------------

Current thread (0x00000000146b3000):  JavaThread "C2 CompilerThread0" daemon [_thread_in_native, id=6436, stack(0x0000000015d10000,0x0000000015e10000)]

Stack: [0x0000000015d10000,0x0000000015e10000]
[error occurred during error reporting (printing stack bounds), id 0xc0000005]

Native frames: (J=compiled Java code, j=interpreted, Vv=VM code, C=native code)


Current CompileTask:
C2:  38343 1899   !   4       java.lang.ClassLoader::loadClass (122 bytes)


---------------  P R O C E S S  ---------------

Java Threads: ( => current thread )
  0x0000000017202800 JavaThread "AsyncHttpClient-1-4" daemon [_thread_in_native, id=4388, stack(0x0000000019f40000,0x000000001a040000)]
  0x00000000171fe000 JavaThread "AsyncHttpClient-1-3" daemon [_thread_in_native, id=7236, stack(0x0000000019320000,0x0000000019420000)]
  0x0000000017201000 JavaThread "AsyncHttpClient-1-2" daemon [_thread_in_native, id=5456, stack(0x0000000019620000,0x0000000019720000)]
  0x0000000017454800 JavaThread "UrlChecker-2" daemon [_thread_blocked, id=8184, stack(0x0000000019120000,0x0000000019220000)]
  0x0000000017453800 JavaThread "Driver Service Executor" daemon [_thread_blocked, id=7704, stack(0x0000000019020000,0x0000000019120000)]
  0x0000000017453000 JavaThread "Driver Service Executor" daemon [_thread_blocked, id=608, stack(0x0000000018f20000,0x0000000019020000)]
  0x0000000017452000 JavaThread "Exec Stream Pumper" daemon [_thread_in_native, id=7508, stack(0x0000000018c20000,0x0000000018d20000)]
  0x000000001664e800 JavaThread "Exec Stream Pumper" daemon [_thread_in_native, id=7012, stack(0x0000000018b20000,0x0000000018c20000)]
  0x000000001664e000 JavaThread "Exec Default Executor" daemon [_thread_in_native, id=5356, stack(0x0000000018a20000,0x0000000018b20000)]
  0x00000000178c3800 JavaThread "AsyncHttpClient-1-1" daemon [_thread_blocked, id=5644, stack(0x0000000018520000,0x0000000018620000)]
  0x0000000016789000 JavaThread "ReaderThread" [_thread_in_native, id=6140, stack(0x0000000016e10000,0x0000000016f10000)]
  0x000000001470e800 JavaThread "Service Thread" daemon [_thread_blocked, id=6820, stack(0x0000000016410000,0x0000000016510000)]
  0x00000000146c8800 JavaThread "C1 CompilerThread2" daemon [_thread_blocked, id=4660, stack(0x0000000015f10000,0x0000000016010000)]
  0x00000000146b7800 JavaThread "C2 CompilerThread1" daemon [_thread_blocked, id=6468, stack(0x0000000015e10000,0x0000000015f10000)]
=>0x00000000146b3000 JavaThread "C2 CompilerThread0" daemon [_thread_in_native, id=6436, stack(0x0000000015d10000,0x0000000015e10000)]
  0x00000000146b1800 JavaThread "Attach Listener" daemon [_thread_blocked, id=4552, stack(0x0000000015c10000,0x0000000015d10000)]
  0x00000000146b0800 JavaThread "Signal Dispatcher" daemon [_thread_blocked, id=3336, stack(0x0000000015b10000,0x0000000015c10000)]
  0x000000000257e800 JavaThread "Finalizer" daemon [_thread_blocked, id=5608, stack(0x0000000015910000,0x0000000015a10000)]
  0x0000000002575000 JavaThread "Reference Handler" daemon [_thread_blocked, id=6272, stack(0x0000000015810000,0x0000000015910000)]
  0x0000000002486000 JavaThread "main" [_thread_blocked, id=6744, stack(0x0000000002380000,0x0000000002480000)]

Other Threads:
  0x0000000014678000 VMThread [stack: 0x0000000015710000,0x0000000015810000] [id=2984]
  0x000000001608b800 WatcherThread [stack: 0x0000000016510000,0x0000000016610000] [id=332]

VM state:at safepoint (normal execution)

VM Mutex/Monitor currently owned by a thread:  ([mutex/lock_event])
[0x00000000024827d0] Threads_lock - owner thread: 0x0000000014678000
[0x0000000002483e60] Compile_lock - owner thread: 0x0000000002486000

heap address: 0x00000000c9c00000, size: 868 MB, Compressed Oops mode: 32-bit
Narrow klass base: 0x0000000000000000, Narrow klass shift: 3
Compressed class space size: 1073741824 Address: 0x0000000100000000

Heap:
 PSYoungGen      total 20480K, used 13603K [0x00000000edf00000, 0x00000000ef880000, 0x0000000100000000)
  eden space 14848K, 77% used [0x00000000edf00000,0x00000000eea33cd8,0x00000000eed80000)
  from space 5632K, 37% used [0x00000000eed80000,0x00000000eef95210,0x00000000ef300000)
  to   space 5632K, 0% used [0x00000000ef300000,0x00000000ef300000,0x00000000ef880000)
 ParOldGen       total 31744K, used 12213K [0x00000000c9c00000, 0x00000000cbb00000, 0x00000000edf00000)
  object space 31744K, 38% used [0x00000000c9c00000,0x00000000ca7ed6b0,0x00000000cbb00000)
 Metaspace       used 26152K, capacity 27268K, committed 27392K, reserved 1073152K
  class space    used 3417K, capacity 3726K, committed 3840K, reserved 1048576K

Card table byte_map: [0x0000000011940000,0x0000000011b00000] byte_map_base: 0x00000000112f2000

Marking Bits: (ParMarkBitMap*) 0x0000000071715ce0
 Begin Bits: [0x0000000012030000, 0x0000000012dc0000)
 End Bits:   [0x0000000012dc0000, 0x0000000013b50000)

Polling page: 0x00000000005b0000

CodeCache: size=245760Kb used=5494Kb max_used=5499Kb free=240266Kb
 bounds [0x0000000002580000, 0x0000000002af0000, 0x0000000011580000]
 total_blobs=2186 nmethods=1700 adapters=399
 compilation: enabled

Compilation events (10 events):
Event: 38.057 Thread 0x00000000146c8800 1892   !   3       java.lang.invoke.MethodHandles$Lookup::canBeCached (146 bytes)
Event: 38.059 Thread 0x00000000146b7800 nmethod 1897 0x00000000027867d0 code [0x0000000002786920, 0x0000000002786ab8]
Event: 38.062 Thread 0x00000000146c8800 nmethod 1892 0x0000000002ade950 code [0x0000000002adedc0, 0x0000000002ae1fc8]
Event: 38.093 Thread 0x00000000146c8800 1898       1       java.util.Collections$EmptyList::isEmpty (2 bytes)
Event: 38.093 Thread 0x00000000146c8800 nmethod 1898 0x0000000002786510 code [0x0000000002786660, 0x0000000002786770]
Event: 38.206 Thread 0x00000000146b3000 1899   !   4       java.lang.ClassLoader::loadClass (122 bytes)
Event: 38.244 Thread 0x00000000146b7800 1900       4       java.io.WinNTFileSystem::prefixLength (91 bytes)
Event: 38.246 Thread 0x00000000146c8800 1901       3       org.apache.xmlbeans.impl.schema.SchemaTypeImpl::assertResolving (24 bytes)
Event: 38.246 Thread 0x00000000146c8800 nmethod 1901 0x0000000002785e50 code [0x0000000002785fc0, 0x0000000002786248]
Event: 38.247 Thread 0x00000000146b7800 nmethod 1900 0x0000000002701510 code [0x0000000002701660, 0x0000000002701818]

GC Heap History (10 events):
Event: 15.510 GC heap before
{Heap before GC invocations=6 (full 0):
 PSYoungGen      total 16896K, used 16864K [0x00000000edf00000, 0x00000000ef880000, 0x0000000100000000)
  eden space 14848K, 100% used [0x00000000edf00000,0x00000000eed80000,0x00000000eed80000)
  from space 2048K, 98% used [0x00000000eed80000,0x00000000eef78030,0x00000000eef80000)
  to   space 5632K, 0% used [0x00000000ef300000,0x00000000ef300000,0x00000000ef880000)
 ParOldGen       total 38400K, used 8841K [0x00000000c9c00000, 0x00000000cc180000, 0x00000000edf00000)
  object space 38400K, 23% used [0x00000000c9c00000,0x00000000ca4a2660,0x00000000cc180000)
 Metaspace       used 19462K, capacity 20232K, committed 20480K, reserved 1067008K
  class space    used 2546K, capacity 2726K, committed 2816K, reserved 1048576K
Event: 15.520 GC heap after
Heap after GC invocations=6 (full 0):
 PSYoungGen      total 20480K, used 3536K [0x00000000edf00000, 0x00000000ef880000, 0x0000000100000000)
  eden space 14848K, 0% used [0x00000000edf00000,0x00000000edf00000,0x00000000eed80000)
  from space 5632K, 62% used [0x00000000ef300000,0x00000000ef674080,0x00000000ef880000)
  to   space 5632K, 0% used [0x00000000eed80000,0x00000000eed80000,0x00000000ef300000)
 ParOldGen       total 38400K, used 12945K [0x00000000c9c00000, 0x00000000cc180000, 0x00000000edf00000)
  object space 38400K, 33% used [0x00000000c9c00000,0x00000000ca8a4670,0x00000000cc180000)
 Metaspace       used 19462K, capacity 20232K, committed 20480K, reserved 1067008K
  class space    used 2546K, capacity 2726K, committed 2816K, reserved 1048576K
}
Event: 18.709 GC heap before
{Heap before GC invocations=7 (full 0):
 PSYoungGen      total 20480K, used 9803K [0x00000000edf00000, 0x00000000ef880000, 0x0000000100000000)
  eden space 14848K, 42% used [0x00000000edf00000,0x00000000ee51eca0,0x00000000eed80000)
  from space 5632K, 62% used [0x00000000ef300000,0x00000000ef674080,0x00000000ef880000)
  to   space 5632K, 0% used [0x00000000eed80000,0x00000000eed80000,0x00000000ef300000)
 ParOldGen       total 38400K, used 12945K [0x00000000c9c00000, 0x00000000cc180000, 0x00000000edf00000)
  object space 38400K, 33% used [0x00000000c9c00000,0x00000000ca8a4670,0x00000000cc180000)
 Metaspace       used 20352K, capacity 21250K, committed 21296K, reserved 1067008K
  class space    used 2683K, capacity 2919K, committed 2944K, reserved 1048576K
Event: 18.717 GC heap after
Heap after GC invocations=7 (full 0):
 PSYoungGen      total 20480K, used 2726K [0x00000000edf00000, 0x00000000ef880000, 0x0000000100000000)
  eden space 14848K, 0% used [0x00000000edf00000,0x00000000edf00000,0x00000000eed80000)
  from space 5632K, 48% used [0x00000000eed80000,0x00000000ef029860,0x00000000ef300000)
  to   space 5632K, 0% used [0x00000000ef300000,0x00000000ef300000,0x00000000ef880000)
 ParOldGen       total 38400K, used 13798K [0x00000000c9c00000, 0x00000000cc180000, 0x00000000edf00000)
  object space 38400K, 35% used [0x00000000c9c00000,0x00000000ca979b58,0x00000000cc180000)
 Metaspace       used 20352K, capacity 21250K, committed 21296K, reserved 1067008K
  class space    used 2683K, capacity 2919K, committed 2944K, reserved 1048576K
}
Event: 18.717 GC heap before
{Heap before GC invocations=8 (full 1):
 PSYoungGen      total 20480K, used 2726K [0x00000000edf00000, 0x00000000ef880000, 0x0000000100000000)
  eden space 14848K, 0% used [0x00000000edf00000,0x00000000edf00000,0x00000000eed80000)
  from space 5632K, 48% used [0x00000000eed80000,0x00000000ef029860,0x00000000ef300000)
  to   space 5632K, 0% used [0x00000000ef300000,0x00000000ef300000,0x00000000ef880000)
 ParOldGen       total 38400K, used 13798K [0x00000000c9c00000, 0x00000000cc180000, 0x00000000edf00000)
  object space 38400K, 35% used [0x00000000c9c00000,0x00000000ca979b58,0x00000000cc180000)
 Metaspace       used 20352K, capacity 21250K, committed 21296K, reserved 1067008K
  class space    used 2683K, capacity 2919K, committed 2944K, reserved 1048576K
Event: 18.771 GC heap after
Heap after GC invocations=8 (full 1):
 PSYoungGen      total 20480K, used 0K [0x00000000edf00000, 0x00000000ef880000, 0x0000000100000000)
  eden space 14848K, 0% used [0x00000000edf00000,0x00000000edf00000,0x00000000eed80000)
  from space 5632K, 0% used [0x00000000eed80000,0x00000000eed80000,0x00000000ef300000)
  to   space 5632K, 0% used [0x00000000ef300000,0x00000000ef300000,0x00000000ef880000)
 ParOldGen       total 31744K, used 12133K [0x00000000c9c00000, 0x00000000cbb00000, 0x00000000edf00000)
  object space 31744K, 38% used [0x00000000c9c00000,0x00000000ca7d96a0,0x00000000cbb00000)
 Metaspace       used 20352K, capacity 21250K, committed 21296K, reserved 1067008K
  class space    used 2683K, capacity 2919K, committed 2944K, reserved 1048576K
}
Event: 33.997 GC heap before
{Heap before GC invocations=9 (full 1):
 PSYoungGen      total 20480K, used 14848K [0x00000000edf00000, 0x00000000ef880000, 0x0000000100000000)
  eden space 14848K, 100% used [0x00000000edf00000,0x00000000eed80000,0x00000000eed80000)
  from space 5632K, 0% used [0x00000000eed80000,0x00000000eed80000,0x00000000ef300000)
  to   space 5632K, 0% used [0x00000000ef300000,0x00000000ef300000,0x00000000ef880000)
 ParOldGen       total 31744K, used 12133K [0x00000000c9c00000, 0x00000000cbb00000, 0x00000000edf00000)
  object space 31744K, 38% used [0x00000000c9c00000,0x00000000ca7d96a0,0x00000000cbb00000)
 Metaspace       used 22168K, capacity 23198K, committed 23424K, reserved 1069056K
  class space    used 2894K, capacity 3137K, committed 3200K, reserved 1048576K
Event: 34.001 GC heap after
Heap after GC invocations=9 (full 1):
 PSYoungGen      total 20480K, used 1937K [0x00000000edf00000, 0x00000000ef880000, 0x0000000100000000)
  eden space 14848K, 0% used [0x00000000edf00000,0x00000000edf00000,0x00000000eed80000)
  from space 5632K, 34% used [0x00000000ef300000,0x00000000ef4e4458,0x00000000ef880000)
  to   space 5632K, 0% used [0x00000000eed80000,0x00000000eed80000,0x00000000ef300000)
 ParOldGen       total 31744K, used 12141K [0x00000000c9c00000, 0x00000000cbb00000, 0x00000000edf00000)
  object space 31744K, 38% used [0x00000000c9c00000,0x00000000ca7db6a0,0x00000000cbb00000)
 Metaspace       used 22168K, capacity 23198K, committed 23424K, reserved 1069056K
  class space    used 2894K, capacity 3137K, committed 3200K, reserved 1048576K
}
Event: 37.901 GC heap before
{Heap before GC invocations=10 (full 1):
 PSYoungGen      total 20480K, used 16785K [0x00000000edf00000, 0x00000000ef880000, 0x0000000100000000)
  eden space 14848K, 100% used [0x00000000edf00000,0x00000000eed80000,0x00000000eed80000)
  from space 5632K, 34% used [0x00000000ef300000,0x00000000ef4e4458,0x00000000ef880000)
  to   space 5632K, 0% used [0x00000000eed80000,0x00000000eed80000,0x00000000ef300000)
 ParOldGen       total 31744K, used 12141K [0x00000000c9c00000, 0x00000000cbb00000, 0x00000000edf00000)
  object space 31744K, 38% used [0x00000000c9c00000,0x00000000ca7db6a0,0x00000000cbb00000)
 Metaspace       used 24784K, capacity 25852K, committed 26112K, reserved 1071104K
  class space    used 3234K, capacity 3500K, committed 3584K, reserved 1048576K
Event: 37.908 GC heap after
Heap after GC invocations=10 (full 1):
 PSYoungGen      total 20480K, used 2132K [0x00000000edf00000, 0x00000000ef880000, 0x0000000100000000)
  eden space 14848K, 0% used [0x00000000edf00000,0x00000000edf00000,0x00000000eed80000)
  from space 5632K, 37% used [0x00000000eed80000,0x00000000eef95210,0x00000000ef300000)
  to   space 5632K, 0% used [0x00000000ef300000,0x00000000ef300000,0x00000000ef880000)
 ParOldGen       total 31744K, used 12213K [0x00000000c9c00000, 0x00000000cbb00000, 0x00000000edf00000)
  object space 31744K, 38% used [0x00000000c9c00000,0x00000000ca7ed6b0,0x00000000cbb00000)
 Metaspace       used 24784K, capacity 25852K, committed 26112K, reserved 1071104K
  class space    used 3234K, capacity 3500K, committed 3584K, reserved 1048576K
}

Deoptimization events (10 events):
Event: 8.408 Thread 0x0000000017454800 Uncommon trap: reason=unstable_if action=reinterpret pc=0x0000000002942b94 method=java.lang.CharacterDataLatin1.digit(II)I @ 82
Event: 8.659 Thread 0x0000000002486000 Uncommon trap: reason=unstable_if action=reinterpret pc=0x0000000002955310 method=java.util.regex.Pattern$BmpCharProperty.match(Ljava/util/regex/Matcher;ILjava/lang/CharSequence;)Z @ 34
Event: 9.399 Thread 0x0000000017201000 Uncommon trap: reason=unstable_if action=reinterpret pc=0x00000000026a0800 method=java.lang.CharacterData.of(I)Ljava/lang/CharacterData; @ 4
Event: 18.773 Thread 0x0000000002486000 Uncommon trap: reason=class_check action=maybe_recompile pc=0x0000000002a897d8 method=java.util.concurrent.ConcurrentHashMap.putVal(Ljava/lang/Object;Ljava/lang/Object;Z)Ljava/lang/Object; @ 192
Event: 19.113 Thread 0x0000000017202800 Uncommon trap: reason=range_check action=make_not_entrant pc=0x0000000002aa5d20 method=sun.reflect.generics.parser.SignatureParser.current()C @ 34
Event: 31.743 Thread 0x0000000002486000 Uncommon trap: reason=bimorphic action=maybe_recompile pc=0x0000000002965770 method=java.util.regex.Pattern$Curly.match(Ljava/util/regex/Matcher;ILjava/lang/CharSequence;)Z @ 19
Event: 31.743 Thread 0x0000000002486000 Uncommon trap: reason=bimorphic action=maybe_recompile pc=0x0000000002965770 method=java.util.regex.Pattern$Curly.match(Ljava/util/regex/Matcher;ILjava/lang/CharSequence;)Z @ 19
Event: 31.743 Thread 0x0000000002486000 Uncommon trap: reason=bimorphic action=maybe_recompile pc=0x0000000002965770 method=java.util.regex.Pattern$Curly.match(Ljava/util/regex/Matcher;ILjava/lang/CharSequence;)Z @ 19
Event: 31.743 Thread 0x0000000002486000 Uncommon trap: reason=bimorphic action=maybe_recompile pc=0x0000000002965770 method=java.util.regex.Pattern$Curly.match(Ljava/util/regex/Matcher;ILjava/lang/CharSequence;)Z @ 19
Event: 38.194 Thread 0x0000000002486000 Uncommon trap: reason=unstable_if action=reinterpret pc=0x000000000296f100 method=java.util.HashMap.hash(Ljava/lang/Object;)I @ 1

Classes redefined (0 events):
No events

Internal exceptions (10 events):
Event: 8.386 Thread 0x0000000017454800 Exception <a 'java/net/SocketTimeoutException': connect timed out> (0x00000000ee41ef90) thrown at [C:\re\workspace\8-2-build-windows-amd64-cygwin\jdk8u202\12323\hotspot\src\share\vm\prims\jni.cpp, line 736]
Event: 8.507 Thread 0x0000000002486000 Exception <a 'java/lang/NoSuchMethodError': java.lang.Object.lambda$chars$0()Ljava/util/Spliterator$OfInt;> (0x00000000ee5b7298) thrown at [C:\re\workspace\8-2-build-windows-amd64-cygwin\jdk8u202\12323\hotspot\src\share\vm\interpreter\linkResolver.cpp, li
Event: 8.610 Thread 0x0000000002486000 Exception <a 'java/lang/NoSuchMethodError': java.lang.Object.lambda$negate$1(Ljava/lang/Object;)Z> (0x00000000ee830970) thrown at [C:\re\workspace\8-2-build-windows-amd64-cygwin\jdk8u202\12323\hotspot\src\share\vm\interpreter\linkResolver.cpp, line 620]
Event: 9.485 Thread 0x0000000017201000 Exception <a 'java/lang/ArrayIndexOutOfBoundsException'> (0x00000000ee5c9b40) thrown at [C:\re\workspace\8-2-build-windows-amd64-cygwin\jdk8u202\12323\hotspot\src\share\vm\runtime\sharedRuntime.cpp, line 605]
Event: 9.485 Thread 0x0000000017201000 Exception <a 'java/lang/ArrayIndexOutOfBoundsException'> (0x00000000ee5cb368) thrown at [C:\re\workspace\8-2-build-windows-amd64-cygwin\jdk8u202\12323\hotspot\src\share\vm\runtime\sharedRuntime.cpp, line 605]
Event: 9.487 Thread 0x0000000017201000 Exception <a 'java/lang/ArrayIndexOutOfBoundsException'> (0x00000000ee5ceae0) thrown at [C:\re\workspace\8-2-build-windows-amd64-cygwin\jdk8u202\12323\hotspot\src\share\vm\runtime\sharedRuntime.cpp, line 605]
Event: 9.488 Thread 0x0000000017201000 Exception <a 'java/lang/ArrayIndexOutOfBoundsException'> (0x00000000ee5cfc78) thrown at [C:\re\workspace\8-2-build-windows-amd64-cygwin\jdk8u202\12323\hotspot\src\share\vm\runtime\sharedRuntime.cpp, line 605]
Event: 18.143 Thread 0x0000000002486000 Exception <a 'java/lang/NoSuchMethodError': java.lang.Object.lambda$getResponseFunction$0(Lorg/openqa/selenium/remote/InitialHandshakeResponse;)Lorg/openqa/selenium/remote/ProtocolHandshake$Result;> (0x00000000ee253358) thrown at [C:\re\workspace\8-2-buil
Event: 19.113 Thread 0x0000000017202800 Exception <a 'java/lang/ArrayIndexOutOfBoundsException': 167> (0x00000000ee02eaf0) thrown at [C:\re\workspace\8-2-build-windows-amd64-cygwin\jdk8u202\12323\hotspot\src\share\vm\interpreter\interpreterRuntime.cpp, line 368]
Event: 38.194 Thread 0x0000000002486000 Implicit null exception at 0x000000000296ecdb to 0x000000000296f0ed

Events (10 events):
Event: 38.240 loading class org/apache/xmlbeans/impl/schema/SchemaAttributeModelImpl
Event: 38.240 loading class org/apache/xmlbeans/impl/schema/SchemaAttributeModelImpl done
Event: 38.241 loading class org/apache/xmlbeans/QNameSet
Event: 38.241 loading class org/apache/xmlbeans/QNameSet done
Event: 38.243 loading class org/apache/xmlbeans/impl/schema/SchemaParticleImpl
Event: 38.244 loading class org/apache/xmlbeans/impl/schema/SchemaParticleImpl done
Event: 38.246 loading class org/apache/xmlbeans/impl/regex/SchemaRegularExpression
Event: 38.247 loading class org/apache/xmlbeans/impl/regex/SchemaRegularExpression done
Event: 38.248 loading class org/apache/xmlbeans/impl/regex/RegularExpression
Event: 38.249 loading class org/apache/xmlbeans/impl/regex/RegularExpression done


Dynamic libraries:
0x00007ff73bb60000 - 0x00007ff73bb97000 	C:\Program Files\Java\jre1.8.0_202\bin\javaw.exe
0x00007fff6a0f0000 - 0x00007fff6a2e8000 	C:\Windows\SYSTEM32\ntdll.dll
0x00007fff695d0000 - 0x00007fff6968f000 	C:\Windows\System32\KERNEL32.DLL
0x00007fff67970000 - 0x00007fff67c66000 	C:\Windows\System32\KERNELBASE.dll
0x00007fff69ee0000 - 0x00007fff69f8f000 	C:\Windows\System32\ADVAPI32.dll
0x00007fff69400000 - 0x00007fff6949e000 	C:\Windows\System32\msvcrt.dll
0x00007fff69230000 - 0x00007fff692cc000 	C:\Windows\System32\sechost.dll
0x00007fff694a0000 - 0x00007fff695c6000 	C:\Windows\System32\RPCRT4.dll
0x00007fff68150000 - 0x00007fff682ed000 	C:\Windows\System32\USER32.dll
0x00007fff67f20000 - 0x00007fff67f42000 	C:\Windows\System32\win32u.dll
0x00007fff69200000 - 0x00007fff6922c000 	C:\Windows\System32\GDI32.dll
0x00007fff67e00000 - 0x00007fff67f15000 	C:\Windows\System32\gdi32full.dll
0x00007fff67f50000 - 0x00007fff67fed000 	C:\Windows\System32\msvcp_win.dll
0x00007fff677d0000 - 0x00007fff678d0000 	C:\Windows\System32\ucrtbase.dll
0x00007fff53230000 - 0x00007fff534ca000 	C:\Windows\WinSxS\amd64_microsoft.windows.common-controls_6595b64144ccf1df_6.0.19041.1110_none_60b5254171f9507e\COMCTL32.dll
0x00007fff692d0000 - 0x00007fff69300000 	C:\Windows\System32\IMM32.DLL
0x0000000070e10000 - 0x0000000070ee2000 	C:\Program Files\Java\jre1.8.0_202\bin\msvcr100.dll
0x0000000070ef0000 - 0x0000000071795000 	C:\Program Files\Java\jre1.8.0_202\bin\server\jvm.dll
0x00007fff69ed0000 - 0x00007fff69ed8000 	C:\Windows\System32\PSAPI.DLL
0x00007fff5f530000 - 0x00007fff5f557000 	C:\Windows\SYSTEM32\WINMM.dll
0x00007fff51240000 - 0x00007fff51249000 	C:\Windows\SYSTEM32\WSOCK32.dll
0x00007fff69bf0000 - 0x00007fff69c5b000 	C:\Windows\System32\WS2_32.dll
0x00007fff5db50000 - 0x00007fff5db5a000 	C:\Windows\SYSTEM32\VERSION.dll
0x00007fff4e2f0000 - 0x00007fff4e2ff000 	C:\Program Files\Java\jre1.8.0_202\bin\verify.dll
0x00007fff33370000 - 0x00007fff33399000 	C:\Program Files\Java\jre1.8.0_202\bin\java.dll
0x00007fff38160000 - 0x00007fff38176000 	C:\Program Files\Java\jre1.8.0_202\bin\zip.dll
0x00007fff68960000 - 0x00007fff690a4000 	C:\Windows\System32\SHELL32.dll
0x00007fff65880000 - 0x00007fff66013000 	C:\Windows\SYSTEM32\windows.storage.dll
0x00007fff69830000 - 0x00007fff69b84000 	C:\Windows\System32\combase.dll
0x00007fff67170000 - 0x00007fff6719e000 	C:\Windows\SYSTEM32\Wldp.dll
0x00007fff69780000 - 0x00007fff6982d000 	C:\Windows\System32\SHCORE.dll
0x00007fff69b90000 - 0x00007fff69be5000 	C:\Windows\System32\shlwapi.dll
0x00007fff67710000 - 0x00007fff6772f000 	C:\Windows\SYSTEM32\profapi.dll
0x00007fff37ba0000 - 0x00007fff37bba000 	C:\Program Files\Java\jre1.8.0_202\bin\net.dll
0x00007fff55760000 - 0x00007fff5594c000 	C:\Windows\SYSTEM32\urlmon.dll
0x00007fff66ca0000 - 0x00007fff66cac000 	C:\Windows\SYSTEM32\netutils.dll
0x00007fff5aa70000 - 0x00007fff5aa98000 	C:\Windows\SYSTEM32\srvcli.dll
0x00007fff55950000 - 0x00007fff55c01000 	C:\Windows\SYSTEM32\iertutil.dll
0x00007fff66ea0000 - 0x00007fff66f0a000 	C:\Windows\system32\mswsock.dll
0x00007fff66bd0000 - 0x00007fff66c9a000 	C:\Windows\SYSTEM32\DNSAPI.dll
0x00007fff66b90000 - 0x00007fff66bcc000 	C:\Windows\SYSTEM32\IPHLPAPI.DLL
0x00007fff69690000 - 0x00007fff69698000 	C:\Windows\System32\NSI.dll
0x00007fff5d500000 - 0x00007fff5d50a000 	C:\Windows\System32\rasadhlp.dll
0x00007fff58a10000 - 0x00007fff58a92000 	C:\Windows\System32\fwpuclnt.dll
0x00007fff67940000 - 0x00007fff67967000 	C:\Windows\System32\bcrypt.dll
0x00007fff67090000 - 0x00007fff670a8000 	C:\Windows\SYSTEM32\CRYPTSP.dll
0x00007fff667c0000 - 0x00007fff667f4000 	C:\Windows\system32\rsaenh.dll
0x00007fff67680000 - 0x00007fff676ae000 	C:\Windows\SYSTEM32\USERENV.dll
0x00007fff67cc0000 - 0x00007fff67d42000 	C:\Windows\System32\bcryptprimitives.dll
0x00007fff670b0000 - 0x00007fff670bc000 	C:\Windows\SYSTEM32\CRYPTBASE.dll
0x00007fff5a7d0000 - 0x00007fff5a7e7000 	C:\Windows\SYSTEM32\dhcpcsvc6.DLL
0x00007fff5b5b0000 - 0x00007fff5b5cd000 	C:\Windows\SYSTEM32\dhcpcsvc.DLL
0x00007fff33350000 - 0x00007fff33362000 	C:\Program Files\Java\jre1.8.0_202\bin\nio.dll
0x00007fff64fc0000 - 0x00007fff65051000 	C:\Windows\system32\apphelp.dll
0x00007fff2acb0000 - 0x00007fff2acd4000 	C:\Program Files\Java\jre1.8.0_202\bin\sunec.dll
0x00007fff63200000 - 0x00007fff6320b000 	C:\Program Files\Java\jre1.8.0_202\bin\sunmscapi.dll
0x00007fff67ff0000 - 0x00007fff6814e000 	C:\Windows\System32\CRYPT32.dll
0x00007fff62940000 - 0x00007fff6294d000 	C:\Program Files\Java\jre1.8.0_202\bin\management.dll
0x00007fff59c60000 - 0x00007fff59c77000 	C:\Windows\system32\napinsp.dll
0x00007fff58600000 - 0x00007fff5861b000 	C:\Windows\system32\pnrpnsp.dll
0x00007fff5ea30000 - 0x00007fff5ea45000 	C:\Windows\system32\wshbth.dll
0x00007fff632d0000 - 0x00007fff632ed000 	C:\Windows\system32\NLAapi.dll
0x00007fff57500000 - 0x00007fff57512000 	C:\Windows\System32\winrnr.dll

VM Arguments:
jvm_args: -ea -Dfile.encoding=Cp1252 
java_command: org.eclipse.jdt.internal.junit.runner.RemoteTestRunner -version 3 -port 50431 -testLoaderClass org.eclipse.jdt.internal.junit4.runner.JUnit4TestLoader -loaderpluginname org.eclipse.jdt.junit4.runtime -classNames com.pages.CallAll
java_class_path (initial): C:\Users\Karthikraja\eclipse-workspace\FrameworkGreens\target\test-classes;C:\Users\Karthikraja\eclipse-workspace\FrameworkGreens\target\classes;C:\Users\Karthikraja\.m2\repository\org\seleniumhq\selenium\selenium-java\4.9.1\selenium-java-4.9.1.jar;C:\Users\Karthikraja\.m2\repository\org\seleniumhq\selenium\selenium-api\4.9.1\selenium-api-4.9.1.jar;C:\Users\Karthikraja\.m2\repository\org\seleniumhq\selenium\selenium-chrome-driver\4.9.1\selenium-chrome-driver-4.9.1.jar;C:\Users\Karthikraja\.m2\repository\com\google\auto\service\auto-service-annotations\1.0.1\auto-service-annotations-1.0.1.jar;C:\Users\Karthikraja\.m2\repository\com\google\auto\service\auto-service\1.0.1\auto-service-1.0.1.jar;C:\Users\Karthikraja\.m2\repository\com\google\auto\auto-common\1.2\auto-common-1.2.jar;C:\Users\Karthikraja\.m2\repository\com\google\guava\guava\31.1-jre\guava-31.1-jre.jar;C:\Users\Karthikraja\.m2\repository\com\google\guava\failureaccess\1.0.1\failureaccess-1.0.1.jar;C:\Users\Karthikraja\.m2\repository\com\google\guava\listenablefuture\9999.0-empty-to-avoid-conflict-with-guava\listenablefuture-9999.0-empty-to-avoid-conflict-with-guava.jar;C:\Users\Karthikraja\.m2\repository\com\google\code\findbugs\jsr305\3.0.2\jsr305-3.0.2.jar;C:\Users\Karthikraja\.m2\repository\org\checkerframework\checker-qual\3.12.0\checker-qual-3.12.0.jar;C:\Users\Karthikraja\.m2\repository\com\google\errorprone\error_prone_annotations\2.11.0\error_prone_annotations-2.11.0.jar;C:\Users\Karthikraja\.m2\repository\com\google\j2objc\j2objc-annotations\1.3\j2objc-annotations-1.3.jar;C:\Users\Karthikraja\.m2\repository\org\seleniumhq\selenium\selenium-chromium-driver\4.9.1\selenium-chromium-driver-4.9.1.jar;C:\Users\Karthikraja\.m2\repository\org\seleniumhq\selenium\selenium-json\4.9.1\selenium-json-4.9.1.jar;C:\Users\Karthikraja\.m2\repository\org\seleniumhq\selenium\selenium-manager\4.9.1\selenium-manager-4.9.1.jar;C:\Users\Karthikraja\.m2\repository\org\seleniumhq\selenium\sel
Launcher Type: SUN_STANDARD

Environment Variables:
PATH=C:/Program Files/Java/jre1.8.0_202/bin/server;C:/Program Files/Java/jre1.8.0_202/bin;C:/Program Files/Java/jre1.8.0_202/lib/amd64;C:\oraclexe\app\oracle\product\10.2.0\server\bin;C:\Program Files (x86)\Common Files\Oracle\Java\javapath;C:\Windows\system32;C:\Windows;C:\Windows\System32\Wbem;C:\Windows\System32\WindowsPowerShell\v1.0\;C:\Windows\System32\OpenSSH\;C:\Program Files\Java\jdk1.8.0_202\bin;C:\Program Files\Git\cmd;C:\Users\Karthikraja\AppData\Local\Microsoft\WindowsApps;;C:\Users\Karthikraja\AppData\Local\Programs\Microsoft VS Code\bin;C:\Users\Karthikraja\Downloads\eclipse-committers-oxygen-3a-win32-x86_64\eclipse;
USERNAME=Karthikraja
OS=Windows_NT
PROCESSOR_IDENTIFIER=AMD64 Family 23 Model 24 Stepping 1, AuthenticAMD



---------------  S Y S T E M  ---------------

OS: Windows 10.0 , 64 bit Build 19041 (10.0.19041.3031)

CPU:total 4 (initial active 4) (4 cores per cpu, 1 threads per core) family 23 model 24 stepping 1, cmov, cx8, fxsr, mmx, sse, sse2, sse3, ssse3, sse4.1, sse4.2, popcnt, avx, avx2, aes, clmul, mmxext, 3dnowpref, lzcnt, sse4a, tsc, tscinvbit, tscinv, bmi1

Memory: 4k page, physical 3553548k(441992k free), swap 5650700k(3740k free)

vm_info: Java HotSpot(TM) 64-Bit Server VM (25.202-b08) for windows-amd64 JRE (1.8.0_202-b08), built on Dec 15 2018 19:54:30 by "java_re" with MS VC++ 10.0 (VS2010)

time: Wed Jun 21 09:46:45 2023
timezone: India Standard Time
elapsed time: 38 seconds (0d 0h 0m 38s)

